2024-06-27 11:06:45 DEBUG TestNG:82 - suiteXmlPath: "C:\Users\anupr\eclipse-workspace\openCart\master.xml"
2024-06-27 11:06:45 INFO  Utils:112 - [TestNG] Running:
  C:\Users\anupr\eclipse-workspace\openCart\master.xml

2024-06-27 11:07:28 DEBUG TestNG:82 - suiteXmlPath: "C:\Users\anupr\eclipse-workspace\openCart\grid.xml"
2024-06-27 11:07:29 INFO  Utils:112 - [TestNG] Running:
  C:\Users\anupr\eclipse-workspace\openCart\grid.xml

2024-06-27 11:07:37 INFO  TC_002_LoginTest:22 - *****Starting TC_002*****
2024-06-27 11:07:39 INFO  TC_002_LoginTest:37 - *****Completed TC_002******
2024-06-27 11:33:36 DEBUG TestNG:82 - suiteXmlPath: "C:\Users\anupr\eclipse-workspace\openCart\grid.xml"
2024-06-27 11:33:54 INFO  TC_002_LoginTest:22 - *****Starting TC_002*****
2024-06-27 11:34:03 INFO  TC_002_LoginTest:37 - *****Completed TC_002******
2024-06-27 11:48:51 DEBUG TestNG:82 - suiteXmlPath: "C:\Users\anupr\eclipse-workspace\openCart\grid.xml"
2024-06-27 11:49:18 INFO  TC_002_LoginTest:22 - *****Starting TC_002*****
2024-06-27 11:49:27 INFO  TC_002_LoginTest:37 - *****Completed TC_002******
2024-06-27 12:13:27 DEBUG TestNG:82 - suiteXmlPath: "C:\Users\anupr\eclipse-workspace\openCart\grid.xml"
2024-06-27 12:13:42 INFO  TC_002_LoginTest:22 - *****Starting TC_002*****
2024-06-27 12:13:46 INFO  TC_002_LoginTest:37 - *****Completed TC_002******
2024-06-27 12:18:13 DEBUG TestNG:82 - suiteXmlPath: "C:\Users\anupr\eclipse-workspace\openCart\grouping.xml"
2024-06-27 12:20:36 DEBUG TestNG:82 - suiteXmlPath: "C:\Users\anupr\eclipse-workspace\openCart\grouping.xml"
2024-06-27 12:20:42 INFO  TC_002_LoginTest:22 - *****Starting TC_002*****
2024-06-27 12:20:47 INFO  TC_002_LoginTest:37 - *****Completed TC_002******
2024-06-27 12:22:18 DEBUG TestNG:82 - suiteXmlPath: "C:\Users\anupr\eclipse-workspace\openCart\Grouping.xml"
2024-06-27 12:22:19 INFO  Utils:112 - [TestNG] Running:
  C:\Users\anupr\eclipse-workspace\openCart\Grouping.xml

2024-06-27 12:23:18 DEBUG TestNG:82 - suiteXmlPath: "C:\Users\anupr\eclipse-workspace\openCart\Grouping.xml"
2024-06-27 12:23:18 INFO  Utils:112 - [TestNG] Running:
  C:\Users\anupr\eclipse-workspace\openCart\Grouping.xml

2024-06-27 12:24:25 DEBUG TestNG:82 - suiteXmlPath: "C:\Users\anupr\eclipse-workspace\openCart\master.xml"
2024-06-27 12:24:25 INFO  Utils:112 - [TestNG] Running:
  C:\Users\anupr\eclipse-workspace\openCart\master.xml

2024-06-27 12:26:08 DEBUG TestNG:82 - suiteXmlPath: "C:\Users\anupr\eclipse-workspace\openCart\grid.xml"
2024-06-27 12:26:09 INFO  Utils:112 - [TestNG] Running:
  C:\Users\anupr\eclipse-workspace\openCart\grid.xml

2024-06-27 12:26:44 DEBUG TestNG:82 - suiteXmlPath: "C:\Users\anupr\eclipse-workspace\openCart\grid.xml"
2024-06-27 12:28:04 DEBUG TestNG:82 - suiteXmlPath: "C:\Users\anupr\eclipse-workspace\openCart\grid.xml"
2024-06-27 12:28:22 DEBUG PackageRelationshipCollection:307 - Parsing relationship: /xl/_rels/workbook.xml.rels
2024-06-27 12:28:22 DEBUG PackageRelationshipCollection:307 - Parsing relationship: /xl/worksheets/_rels/sheet1.xml.rels
2024-06-27 12:28:22 DEBUG PackageRelationshipCollection:307 - Parsing relationship: /_rels/.rels
2024-06-27 12:28:22 DEBUG POIXMLFactory:65 - using default POIXMLDocumentPart for http://schemas.openxmlformats.org/officeDocument/2006/relationships/printerSettings
2024-06-27 12:28:22 DEBUG PackageRelationshipCollection:307 - Parsing relationship: /xl/_rels/workbook.xml.rels
2024-06-27 12:28:22 DEBUG PackageRelationshipCollection:307 - Parsing relationship: /xl/worksheets/_rels/sheet1.xml.rels
2024-06-27 12:28:22 DEBUG PackageRelationshipCollection:307 - Parsing relationship: /_rels/.rels
2024-06-27 12:28:22 DEBUG POIXMLFactory:65 - using default POIXMLDocumentPart for http://schemas.openxmlformats.org/officeDocument/2006/relationships/printerSettings
2024-06-27 12:28:22 DEBUG PackageRelationshipCollection:307 - Parsing relationship: /xl/_rels/workbook.xml.rels
2024-06-27 12:28:22 DEBUG PackageRelationshipCollection:307 - Parsing relationship: /xl/worksheets/_rels/sheet1.xml.rels
2024-06-27 12:28:22 DEBUG PackageRelationshipCollection:307 - Parsing relationship: /_rels/.rels
2024-06-27 12:28:22 DEBUG POIXMLFactory:65 - using default POIXMLDocumentPart for http://schemas.openxmlformats.org/officeDocument/2006/relationships/printerSettings
2024-06-27 12:28:22 DEBUG PackageRelationshipCollection:307 - Parsing relationship: /xl/_rels/workbook.xml.rels
2024-06-27 12:28:22 DEBUG PackageRelationshipCollection:307 - Parsing relationship: /xl/worksheets/_rels/sheet1.xml.rels
2024-06-27 12:28:22 DEBUG PackageRelationshipCollection:307 - Parsing relationship: /_rels/.rels
2024-06-27 12:28:22 DEBUG POIXMLFactory:65 - using default POIXMLDocumentPart for http://schemas.openxmlformats.org/officeDocument/2006/relationships/printerSettings
2024-06-27 12:28:22 DEBUG PackageRelationshipCollection:307 - Parsing relationship: /xl/_rels/workbook.xml.rels
2024-06-27 12:28:22 DEBUG PackageRelationshipCollection:307 - Parsing relationship: /xl/worksheets/_rels/sheet1.xml.rels
2024-06-27 12:28:22 DEBUG PackageRelationshipCollection:307 - Parsing relationship: /_rels/.rels
2024-06-27 12:28:22 DEBUG POIXMLFactory:65 - using default POIXMLDocumentPart for http://schemas.openxmlformats.org/officeDocument/2006/relationships/printerSettings
2024-06-27 12:28:22 DEBUG PackageRelationshipCollection:307 - Parsing relationship: /xl/_rels/workbook.xml.rels
2024-06-27 12:28:22 DEBUG PackageRelationshipCollection:307 - Parsing relationship: /xl/worksheets/_rels/sheet1.xml.rels
2024-06-27 12:28:22 DEBUG PackageRelationshipCollection:307 - Parsing relationship: /_rels/.rels
2024-06-27 12:28:22 DEBUG POIXMLFactory:65 - using default POIXMLDocumentPart for http://schemas.openxmlformats.org/officeDocument/2006/relationships/printerSettings
2024-06-27 12:28:22 DEBUG PackageRelationshipCollection:307 - Parsing relationship: /xl/_rels/workbook.xml.rels
2024-06-27 12:28:22 DEBUG PackageRelationshipCollection:307 - Parsing relationship: /xl/worksheets/_rels/sheet1.xml.rels
2024-06-27 12:28:22 DEBUG PackageRelationshipCollection:307 - Parsing relationship: /_rels/.rels
2024-06-27 12:28:22 DEBUG POIXMLFactory:65 - using default POIXMLDocumentPart for http://schemas.openxmlformats.org/officeDocument/2006/relationships/printerSettings
2024-06-27 12:28:22 DEBUG PackageRelationshipCollection:307 - Parsing relationship: /xl/_rels/workbook.xml.rels
2024-06-27 12:28:22 DEBUG PackageRelationshipCollection:307 - Parsing relationship: /xl/worksheets/_rels/sheet1.xml.rels
2024-06-27 12:28:22 DEBUG PackageRelationshipCollection:307 - Parsing relationship: /_rels/.rels
2024-06-27 12:28:22 DEBUG POIXMLFactory:65 - using default POIXMLDocumentPart for http://schemas.openxmlformats.org/officeDocument/2006/relationships/printerSettings
2024-06-27 12:28:22 DEBUG PackageRelationshipCollection:307 - Parsing relationship: /xl/_rels/workbook.xml.rels
2024-06-27 12:28:22 DEBUG PackageRelationshipCollection:307 - Parsing relationship: /xl/worksheets/_rels/sheet1.xml.rels
2024-06-27 12:28:22 DEBUG PackageRelationshipCollection:307 - Parsing relationship: /_rels/.rels
2024-06-27 12:28:22 DEBUG POIXMLFactory:65 - using default POIXMLDocumentPart for http://schemas.openxmlformats.org/officeDocument/2006/relationships/printerSettings
2024-06-27 12:28:23 DEBUG PackageRelationshipCollection:307 - Parsing relationship: /xl/_rels/workbook.xml.rels
2024-06-27 12:28:23 DEBUG PackageRelationshipCollection:307 - Parsing relationship: /xl/worksheets/_rels/sheet1.xml.rels
2024-06-27 12:28:23 DEBUG PackageRelationshipCollection:307 - Parsing relationship: /_rels/.rels
2024-06-27 12:28:23 DEBUG POIXMLFactory:65 - using default POIXMLDocumentPart for http://schemas.openxmlformats.org/officeDocument/2006/relationships/printerSettings
2024-06-27 12:28:23 DEBUG PackageRelationshipCollection:307 - Parsing relationship: /xl/_rels/workbook.xml.rels
2024-06-27 12:28:23 DEBUG PackageRelationshipCollection:307 - Parsing relationship: /xl/worksheets/_rels/sheet1.xml.rels
2024-06-27 12:28:23 DEBUG PackageRelationshipCollection:307 - Parsing relationship: /_rels/.rels
2024-06-27 12:28:23 DEBUG POIXMLFactory:65 - using default POIXMLDocumentPart for http://schemas.openxmlformats.org/officeDocument/2006/relationships/printerSettings
2024-06-27 12:28:23 DEBUG PackageRelationshipCollection:307 - Parsing relationship: /xl/_rels/workbook.xml.rels
2024-06-27 12:28:23 DEBUG PackageRelationshipCollection:307 - Parsing relationship: /xl/worksheets/_rels/sheet1.xml.rels
2024-06-27 12:28:23 DEBUG PackageRelationshipCollection:307 - Parsing relationship: /_rels/.rels
2024-06-27 12:28:23 DEBUG POIXMLFactory:65 - using default POIXMLDocumentPart for http://schemas.openxmlformats.org/officeDocument/2006/relationships/printerSettings
2024-06-27 12:28:23 DEBUG PackageRelationshipCollection:307 - Parsing relationship: /xl/_rels/workbook.xml.rels
2024-06-27 12:28:23 DEBUG PackageRelationshipCollection:307 - Parsing relationship: /xl/worksheets/_rels/sheet1.xml.rels
2024-06-27 12:28:23 DEBUG PackageRelationshipCollection:307 - Parsing relationship: /_rels/.rels
2024-06-27 12:28:23 DEBUG POIXMLFactory:65 - using default POIXMLDocumentPart for http://schemas.openxmlformats.org/officeDocument/2006/relationships/printerSettings
2024-06-27 12:28:23 DEBUG PackageRelationshipCollection:307 - Parsing relationship: /xl/_rels/workbook.xml.rels
2024-06-27 12:28:23 DEBUG PackageRelationshipCollection:307 - Parsing relationship: /xl/worksheets/_rels/sheet1.xml.rels
2024-06-27 12:28:23 DEBUG PackageRelationshipCollection:307 - Parsing relationship: /_rels/.rels
2024-06-27 12:28:23 DEBUG POIXMLFactory:65 - using default POIXMLDocumentPart for http://schemas.openxmlformats.org/officeDocument/2006/relationships/printerSettings
2024-06-27 12:28:23 DEBUG PackageRelationshipCollection:307 - Parsing relationship: /xl/_rels/workbook.xml.rels
2024-06-27 12:28:23 DEBUG PackageRelationshipCollection:307 - Parsing relationship: /xl/worksheets/_rels/sheet1.xml.rels
2024-06-27 12:28:23 DEBUG PackageRelationshipCollection:307 - Parsing relationship: /_rels/.rels
2024-06-27 12:28:23 DEBUG POIXMLFactory:65 - using default POIXMLDocumentPart for http://schemas.openxmlformats.org/officeDocument/2006/relationships/printerSettings
2024-06-27 12:28:23 DEBUG PackageRelationshipCollection:307 - Parsing relationship: /xl/_rels/workbook.xml.rels
2024-06-27 12:28:23 DEBUG PackageRelationshipCollection:307 - Parsing relationship: /xl/worksheets/_rels/sheet1.xml.rels
2024-06-27 12:28:23 DEBUG PackageRelationshipCollection:307 - Parsing relationship: /_rels/.rels
2024-06-27 12:28:23 DEBUG POIXMLFactory:65 - using default POIXMLDocumentPart for http://schemas.openxmlformats.org/officeDocument/2006/relationships/printerSettings
2024-06-27 12:28:23 DEBUG PackageRelationshipCollection:307 - Parsing relationship: /xl/_rels/workbook.xml.rels
2024-06-27 12:28:23 DEBUG PackageRelationshipCollection:307 - Parsing relationship: /xl/worksheets/_rels/sheet1.xml.rels
2024-06-27 12:28:23 DEBUG PackageRelationshipCollection:307 - Parsing relationship: /_rels/.rels
2024-06-27 12:28:23 DEBUG POIXMLFactory:65 - using default POIXMLDocumentPart for http://schemas.openxmlformats.org/officeDocument/2006/relationships/printerSettings
2024-06-27 12:29:27 DEBUG TestNG:82 - suiteXmlPath: "C:\Users\anupr\eclipse-workspace\openCart\grid.xml"
2024-06-27 12:30:01 DEBUG TestNG:82 - suiteXmlPath: "C:\Users\anupr\eclipse-workspace\openCart\grid.xml"
2024-06-27 12:30:27 DEBUG PackageRelationshipCollection:307 - Parsing relationship: /xl/_rels/workbook.xml.rels
2024-06-27 12:30:27 DEBUG PackageRelationshipCollection:307 - Parsing relationship: /xl/worksheets/_rels/sheet1.xml.rels
2024-06-27 12:30:27 DEBUG PackageRelationshipCollection:307 - Parsing relationship: /_rels/.rels
2024-06-27 12:30:27 DEBUG POIXMLFactory:65 - using default POIXMLDocumentPart for http://schemas.openxmlformats.org/officeDocument/2006/relationships/printerSettings
2024-06-27 12:30:27 DEBUG PackageRelationshipCollection:307 - Parsing relationship: /xl/_rels/workbook.xml.rels
2024-06-27 12:30:27 DEBUG PackageRelationshipCollection:307 - Parsing relationship: /xl/worksheets/_rels/sheet1.xml.rels
2024-06-27 12:30:27 DEBUG PackageRelationshipCollection:307 - Parsing relationship: /_rels/.rels
2024-06-27 12:30:27 DEBUG POIXMLFactory:65 - using default POIXMLDocumentPart for http://schemas.openxmlformats.org/officeDocument/2006/relationships/printerSettings
2024-06-27 12:30:27 DEBUG PackageRelationshipCollection:307 - Parsing relationship: /xl/_rels/workbook.xml.rels
2024-06-27 12:30:27 DEBUG PackageRelationshipCollection:307 - Parsing relationship: /xl/worksheets/_rels/sheet1.xml.rels
2024-06-27 12:30:27 DEBUG PackageRelationshipCollection:307 - Parsing relationship: /_rels/.rels
2024-06-27 12:30:27 DEBUG POIXMLFactory:65 - using default POIXMLDocumentPart for http://schemas.openxmlformats.org/officeDocument/2006/relationships/printerSettings
2024-06-27 12:30:27 DEBUG PackageRelationshipCollection:307 - Parsing relationship: /xl/_rels/workbook.xml.rels
2024-06-27 12:30:27 DEBUG PackageRelationshipCollection:307 - Parsing relationship: /xl/worksheets/_rels/sheet1.xml.rels
2024-06-27 12:30:27 DEBUG PackageRelationshipCollection:307 - Parsing relationship: /_rels/.rels
2024-06-27 12:30:27 DEBUG POIXMLFactory:65 - using default POIXMLDocumentPart for http://schemas.openxmlformats.org/officeDocument/2006/relationships/printerSettings
2024-06-27 12:30:27 DEBUG PackageRelationshipCollection:307 - Parsing relationship: /xl/_rels/workbook.xml.rels
2024-06-27 12:30:27 DEBUG PackageRelationshipCollection:307 - Parsing relationship: /xl/worksheets/_rels/sheet1.xml.rels
2024-06-27 12:30:27 DEBUG PackageRelationshipCollection:307 - Parsing relationship: /_rels/.rels
2024-06-27 12:30:27 DEBUG POIXMLFactory:65 - using default POIXMLDocumentPart for http://schemas.openxmlformats.org/officeDocument/2006/relationships/printerSettings
2024-06-27 12:30:27 DEBUG PackageRelationshipCollection:307 - Parsing relationship: /xl/_rels/workbook.xml.rels
2024-06-27 12:30:27 DEBUG PackageRelationshipCollection:307 - Parsing relationship: /xl/worksheets/_rels/sheet1.xml.rels
2024-06-27 12:30:27 DEBUG PackageRelationshipCollection:307 - Parsing relationship: /_rels/.rels
2024-06-27 12:30:27 DEBUG POIXMLFactory:65 - using default POIXMLDocumentPart for http://schemas.openxmlformats.org/officeDocument/2006/relationships/printerSettings
2024-06-27 12:30:27 DEBUG PackageRelationshipCollection:307 - Parsing relationship: /xl/_rels/workbook.xml.rels
2024-06-27 12:30:27 DEBUG PackageRelationshipCollection:307 - Parsing relationship: /xl/worksheets/_rels/sheet1.xml.rels
2024-06-27 12:30:27 DEBUG PackageRelationshipCollection:307 - Parsing relationship: /_rels/.rels
2024-06-27 12:30:27 DEBUG POIXMLFactory:65 - using default POIXMLDocumentPart for http://schemas.openxmlformats.org/officeDocument/2006/relationships/printerSettings
2024-06-27 12:30:27 DEBUG PackageRelationshipCollection:307 - Parsing relationship: /xl/_rels/workbook.xml.rels
2024-06-27 12:30:27 DEBUG PackageRelationshipCollection:307 - Parsing relationship: /xl/worksheets/_rels/sheet1.xml.rels
2024-06-27 12:30:27 DEBUG PackageRelationshipCollection:307 - Parsing relationship: /_rels/.rels
2024-06-27 12:30:27 DEBUG POIXMLFactory:65 - using default POIXMLDocumentPart for http://schemas.openxmlformats.org/officeDocument/2006/relationships/printerSettings
2024-06-27 12:30:27 DEBUG PackageRelationshipCollection:307 - Parsing relationship: /xl/_rels/workbook.xml.rels
2024-06-27 12:30:27 DEBUG PackageRelationshipCollection:307 - Parsing relationship: /xl/worksheets/_rels/sheet1.xml.rels
2024-06-27 12:30:27 DEBUG PackageRelationshipCollection:307 - Parsing relationship: /_rels/.rels
2024-06-27 12:30:28 DEBUG POIXMLFactory:65 - using default POIXMLDocumentPart for http://schemas.openxmlformats.org/officeDocument/2006/relationships/printerSettings
2024-06-27 12:30:28 DEBUG PackageRelationshipCollection:307 - Parsing relationship: /xl/_rels/workbook.xml.rels
2024-06-27 12:30:28 DEBUG PackageRelationshipCollection:307 - Parsing relationship: /xl/worksheets/_rels/sheet1.xml.rels
2024-06-27 12:30:28 DEBUG PackageRelationshipCollection:307 - Parsing relationship: /_rels/.rels
2024-06-27 12:30:28 DEBUG POIXMLFactory:65 - using default POIXMLDocumentPart for http://schemas.openxmlformats.org/officeDocument/2006/relationships/printerSettings
2024-06-27 12:30:28 DEBUG PackageRelationshipCollection:307 - Parsing relationship: /xl/_rels/workbook.xml.rels
2024-06-27 12:30:28 DEBUG PackageRelationshipCollection:307 - Parsing relationship: /xl/worksheets/_rels/sheet1.xml.rels
2024-06-27 12:30:28 DEBUG PackageRelationshipCollection:307 - Parsing relationship: /_rels/.rels
2024-06-27 12:30:28 DEBUG POIXMLFactory:65 - using default POIXMLDocumentPart for http://schemas.openxmlformats.org/officeDocument/2006/relationships/printerSettings
2024-06-27 12:30:28 DEBUG PackageRelationshipCollection:307 - Parsing relationship: /xl/_rels/workbook.xml.rels
2024-06-27 12:30:28 DEBUG PackageRelationshipCollection:307 - Parsing relationship: /xl/worksheets/_rels/sheet1.xml.rels
2024-06-27 12:30:28 DEBUG PackageRelationshipCollection:307 - Parsing relationship: /_rels/.rels
2024-06-27 12:30:28 DEBUG POIXMLFactory:65 - using default POIXMLDocumentPart for http://schemas.openxmlformats.org/officeDocument/2006/relationships/printerSettings
2024-06-27 12:30:28 DEBUG PackageRelationshipCollection:307 - Parsing relationship: /xl/_rels/workbook.xml.rels
2024-06-27 12:30:28 DEBUG PackageRelationshipCollection:307 - Parsing relationship: /xl/worksheets/_rels/sheet1.xml.rels
2024-06-27 12:30:28 DEBUG PackageRelationshipCollection:307 - Parsing relationship: /_rels/.rels
2024-06-27 12:30:28 DEBUG POIXMLFactory:65 - using default POIXMLDocumentPart for http://schemas.openxmlformats.org/officeDocument/2006/relationships/printerSettings
2024-06-27 12:30:28 DEBUG PackageRelationshipCollection:307 - Parsing relationship: /xl/_rels/workbook.xml.rels
2024-06-27 12:30:28 DEBUG PackageRelationshipCollection:307 - Parsing relationship: /xl/worksheets/_rels/sheet1.xml.rels
2024-06-27 12:30:28 DEBUG PackageRelationshipCollection:307 - Parsing relationship: /_rels/.rels
2024-06-27 12:30:28 DEBUG POIXMLFactory:65 - using default POIXMLDocumentPart for http://schemas.openxmlformats.org/officeDocument/2006/relationships/printerSettings
2024-06-27 12:30:28 DEBUG PackageRelationshipCollection:307 - Parsing relationship: /xl/_rels/workbook.xml.rels
2024-06-27 12:30:28 DEBUG PackageRelationshipCollection:307 - Parsing relationship: /xl/worksheets/_rels/sheet1.xml.rels
2024-06-27 12:30:28 DEBUG PackageRelationshipCollection:307 - Parsing relationship: /_rels/.rels
2024-06-27 12:30:28 DEBUG POIXMLFactory:65 - using default POIXMLDocumentPart for http://schemas.openxmlformats.org/officeDocument/2006/relationships/printerSettings
2024-06-27 12:30:28 DEBUG PackageRelationshipCollection:307 - Parsing relationship: /xl/_rels/workbook.xml.rels
2024-06-27 12:30:28 DEBUG PackageRelationshipCollection:307 - Parsing relationship: /xl/worksheets/_rels/sheet1.xml.rels
2024-06-27 12:30:28 DEBUG PackageRelationshipCollection:307 - Parsing relationship: /_rels/.rels
2024-06-27 12:30:28 DEBUG POIXMLFactory:65 - using default POIXMLDocumentPart for http://schemas.openxmlformats.org/officeDocument/2006/relationships/printerSettings
2024-06-27 12:30:28 DEBUG PackageRelationshipCollection:307 - Parsing relationship: /xl/_rels/workbook.xml.rels
2024-06-27 12:30:28 DEBUG PackageRelationshipCollection:307 - Parsing relationship: /xl/worksheets/_rels/sheet1.xml.rels
2024-06-27 12:30:28 DEBUG PackageRelationshipCollection:307 - Parsing relationship: /_rels/.rels
2024-06-27 12:30:28 DEBUG POIXMLFactory:65 - using default POIXMLDocumentPart for http://schemas.openxmlformats.org/officeDocument/2006/relationships/printerSettings
2024-06-27 12:34:31 DEBUG TestNG:82 - suiteXmlPath: "C:\Users\anupr\eclipse-workspace\openCart\grid.xml"
2024-06-27 12:37:27 DEBUG TestNG:82 - suiteXmlPath: "C:\Users\anupr\eclipse-workspace\openCart\grid.xml"
2024-06-27 12:37:33 INFO  TC_002_LoginTest:22 - *****Starting TC_002*****
2024-06-27 12:37:37 INFO  TC_002_LoginTest:37 - *****Completed TC_002******
